{"timestamp": "2026-01-14T18:47:19.398729Z", "level": "INFO", "logger": "dashboard", "message": "🚀 Flask Dashboard starting... API_URL=http://backend:8000", "module": "routes", "function": "<module>", "line": 11}
{"timestamp": "2026-01-14T18:47:19.748138Z", "level": "INFO", "logger": "dashboard", "message": "🚀 Flask Dashboard starting... API_URL=http://backend:8000", "module": "routes", "function": "<module>", "line": 11}
{"timestamp": "2026-01-14T19:09:09.151066Z", "level": "INFO", "logger": "dashboard", "message": "🚀 Flask Dashboard starting... API_URL=http://backend:8000", "module": "routes", "function": "<module>", "line": 11}
{"timestamp": "2026-01-14T19:09:09.496166Z", "level": "INFO", "logger": "dashboard", "message": "🚀 Flask Dashboard starting... API_URL=http://backend:8000", "module": "routes", "function": "<module>", "line": 11}
{"timestamp": "2026-01-14T19:13:00.361958Z", "level": "INFO", "logger": "dashboard", "message": "🚀 Flask Dashboard starting... API_URL=http://backend:8000", "module": "routes", "function": "<module>", "line": 11}
{"timestamp": "2026-01-14T19:13:00.655605Z", "level": "INFO", "logger": "dashboard", "message": "🚀 Flask Dashboard starting... API_URL=http://backend:8000", "module": "routes", "function": "<module>", "line": 11}
{"timestamp": "2026-01-14T19:17:56.632437Z", "level": "INFO", "logger": "dashboard", "message": "🚀 Flask Dashboard starting... API_URL=http://backend:8000", "module": "routes", "function": "<module>", "line": 12}
{"timestamp": "2026-01-14T19:25:19.554875Z", "level": "INFO", "logger": "dashboard", "message": "🚀 Flask Dashboard starting... API_URL=http://backend:8000", "module": "routes", "function": "<module>", "line": 12}
{"timestamp": "2026-01-14T19:25:20.161404Z", "level": "INFO", "logger": "dashboard", "message": "🚀 Flask Dashboard starting... API_URL=http://backend:8000", "module": "routes", "function": "<module>", "line": 12}
{"timestamp": "2026-01-14T19:26:49.375374Z", "level": "INFO", "logger": "dashboard", "message": "API POST success: /auth/login", "module": "routes", "function": "api_post", "line": 57}
{"timestamp": "2026-01-14T19:26:49.383055Z", "level": "INFO", "logger": "dashboard", "message": "✅ User logged in: admin (ADMIN)", "module": "routes", "function": "login", "line": 122}
{"timestamp": "2026-01-14T19:27:17.109207Z", "level": "INFO", "logger": "dashboard", "message": "User logged out: admin", "module": "routes", "function": "logout", "line": 164}
{"timestamp": "2026-01-14T19:28:02.021450Z", "level": "INFO", "logger": "dashboard", "message": "API POST success: /auth/login", "module": "routes", "function": "api_post", "line": 57}
{"timestamp": "2026-01-14T19:28:02.026081Z", "level": "INFO", "logger": "dashboard", "message": "✅ User logged in: U1 (USER)", "module": "routes", "function": "login", "line": 122}
{"timestamp": "2026-01-14T19:31:03.726169Z", "level": "INFO", "logger": "dashboard", "message": "User logged out: U1", "module": "routes", "function": "logout", "line": 164}
{"timestamp": "2026-01-14T19:31:07.562169Z", "level": "INFO", "logger": "dashboard", "message": "API POST success: /auth/login", "module": "routes", "function": "api_post", "line": 57}
{"timestamp": "2026-01-14T19:31:07.562780Z", "level": "INFO", "logger": "dashboard", "message": "✅ User logged in: admin (ADMIN)", "module": "routes", "function": "login", "line": 122}
{"timestamp": "2026-01-14T19:31:22.274700Z", "level": "INFO", "logger": "dashboard", "message": "API POST success: /allocations/allocate", "module": "routes", "function": "api_post", "line": 57}
{"timestamp": "2026-01-14T19:32:21.150839Z", "level": "INFO", "logger": "dashboard", "message": "User logged out: admin", "module": "routes", "function": "logout", "line": 164}
{"timestamp": "2026-01-14T19:32:31.495406Z", "level": "INFO", "logger": "dashboard", "message": "API POST success: /auth/login", "module": "routes", "function": "api_post", "line": 57}
{"timestamp": "2026-01-14T19:32:31.495881Z", "level": "INFO", "logger": "dashboard", "message": "✅ User logged in: U1 (USER)", "module": "routes", "function": "login", "line": 122}
{"timestamp": "2026-01-14T19:32:55.660196Z", "level": "INFO", "logger": "dashboard", "message": "API POST success: /requests", "module": "routes", "function": "api_post", "line": 57}
{"timestamp": "2026-01-14T19:36:25.433050Z", "level": "INFO", "logger": "dashboard", "message": "User logged out: U1", "module": "routes", "function": "logout", "line": 164}
{"timestamp": "2026-01-14T19:36:27.856213Z", "level": "INFO", "logger": "dashboard", "message": "API POST success: /auth/login", "module": "routes", "function": "api_post", "line": 57}
{"timestamp": "2026-01-14T19:36:27.856925Z", "level": "INFO", "logger": "dashboard", "message": "✅ User logged in: admin (ADMIN)", "module": "routes", "function": "login", "line": 122}
{"timestamp": "2026-01-14T19:38:34.055159Z", "level": "INFO", "logger": "dashboard", "message": "🚀 Flask Dashboard starting... API_URL=http://backend:8000", "module": "routes", "function": "<module>", "line": 12}
{"timestamp": "2026-01-14T19:38:34.720637Z", "level": "INFO", "logger": "dashboard", "message": "🚀 Flask Dashboard starting... API_URL=http://backend:8000", "module": "routes", "function": "<module>", "line": 12}
{"timestamp": "2026-01-14T19:42:40.645304Z", "level": "INFO", "logger": "dashboard", "message": "User logged out: admin", "module": "routes", "function": "logout", "line": 164}
{"timestamp": "2026-01-14T19:42:51.998869Z", "level": "INFO", "logger": "dashboard", "message": "API POST success: /auth/login", "module": "routes", "function": "api_post", "line": 57}
{"timestamp": "2026-01-14T19:42:51.999310Z", "level": "INFO", "logger": "dashboard", "message": "✅ User logged in: U1 (USER)", "module": "routes", "function": "login", "line": 122}
{"timestamp": "2026-01-14T19:43:23.739110Z", "level": "INFO", "logger": "dashboard", "message": "API POST success: /requests", "module": "routes", "function": "api_post", "line": 57}
